Reading netlist file: "C:\git programing projects\SysVerilog\SePeMex\impl\gwsynthesis\SePeMex.vg"
Parsing netlist file "C:\git programing projects\SysVerilog\SePeMex\impl\gwsynthesis\SePeMex.vg" completed
Processing netlist completed
Reading constraint file: "C:\git programing projects\SysVerilog\SePeMex\src\SePeMex.cst"
Physical Constraint parsed completed
Running placement......
[10%] Placement Phase 0 completed
[20%] Placement Phase 1 completed
[30%] Placement Phase 2 completed
[50%] Placement Phase 3 completed
Running routing......
[60%] Routing Phase 0 completed
[70%] Routing Phase 1 completed
[80%] Routing Phase 2 completed
[90%] Routing Phase 3 completed
Running timing analysis......
[95%] Timing analysis completed
Placement and routing completed
Bitstream generation in progress......
Bitstream generation completed
Running power analysis......
[100%] Power analysis completed
Generate file "C:\git programing projects\SysVerilog\SePeMex\impl\pnr\SePeMex.power.html" completed
Generate file "C:\git programing projects\SysVerilog\SePeMex\impl\pnr\SePeMex.pin.html" completed
Generate file "C:\git programing projects\SysVerilog\SePeMex\impl\pnr\SePeMex.rpt.html" completed
Generate file "C:\git programing projects\SysVerilog\SePeMex\impl\pnr\SePeMex.rpt.txt" completed
Generate file "C:\git programing projects\SysVerilog\SePeMex\impl\pnr\SePeMex.tr.html" completed
Fri Apr 19 14:23:44 2024

